<?xml version="1.0" encoding="UTF-8"?>
<!-- Generated by org.testng.reporters.JUnitReportReporter -->
<testsuite hostname="admin-PC" name="com.sampleproject.git.gitproject.AppTest" tests="1" failures="0" timestamp="27 Sep 2016 02:30:29 GMT" time="0.139" errors="0">
  <testcase name="add" time="0.139" classname="com.sampleproject.git.gitproject.AppTest"/>
</testsuite> <!-- com.sampleproject.git.gitproject.AppTest -->
